<?xml version="1.0" encoding="UTF-8"?>
<!-- Generated by org.testng.reporters.JUnitReportReporter -->
<testsuite hostname="LT07741" name="automationTestCases.Policies_Page_Add_Comment_IE_Content_Author" tests="1" failures="0" timestamp="23 Jun 2016 08:36:31 GMT" time="66.250" errors="0">
  <testcase name="main" time="66.250" classname="automationTestCases.Policies_Page_Add_Comment_IE_Content_Author"/>
</testsuite> <!-- automationTestCases.Policies_Page_Add_Comment_IE_Content_Author -->
