<?xml version="1.0" encoding="UTF-8"?>
<!-- Generated by org.testng.reporters.JUnitReportReporter -->
<testsuite hostname="LT07741" name="automationTestCases.Breaking_News_Add_New_Item_Valid_Details_IE_Administrator" tests="1" failures="0" timestamp="3 Jun 2016 13:50:30 GMT" time="48.531" errors="0">
  <testcase name="main" time="48.531" classname="automationTestCases.Breaking_News_Add_New_Item_Valid_Details_IE_Administrator"/>
</testsuite> <!-- automationTestCases.Breaking_News_Add_New_Item_Valid_Details_IE_Administrator -->
