<?xml version="1.0" encoding="UTF-8"?>
<!-- Generated by org.testng.reporters.JUnitReportReporter -->
<testsuite hostname="LT07741" name="automationTestCases.Policies_Page_View_Policy_IE_Administrator" tests="1" failures="0" timestamp="10 Jun 2016 12:16:20 GMT" time="40.622" errors="0">
  <testcase name="main" time="40.622" classname="automationTestCases.Policies_Page_View_Policy_IE_Administrator"/>
</testsuite> <!-- automationTestCases.Policies_Page_View_Policy_IE_Administrator -->
