<?xml version="1.0" encoding="UTF-8"?>
<!-- Generated by org.testng.reporters.JUnitReportReporter -->
<testsuite hostname="LT07741" name="automationTestCases.Policies_Page_View_Item_Firefox_Administrator" tests="1" failures="0" timestamp="15 Jun 2016 11:44:35 GMT" time="113.038" errors="0">
  <testcase name="main" time="113.038" classname="automationTestCases.Policies_Page_View_Item_Firefox_Administrator"/>
</testsuite> <!-- automationTestCases.Policies_Page_View_Item_Firefox_Administrator -->
