<?xml version="1.0" encoding="UTF-8"?>
<!-- Generated by org.testng.reporters.JUnitReportReporter -->
<testsuite hostname="LT07741" name="automationTestCases.Home_Page_Check_Content" tests="1" failures="0" timestamp="27 Apr 2016 09:21:47 GMT" time="97.578" errors="0">
  <testcase name="main" time="97.578" classname="automationTestCases.Home_Page_Check_Content"/>
</testsuite> <!-- automationTestCases.Home_Page_Check_Content -->
