<?xml version="1.0" encoding="UTF-8"?>
<!-- Generated by org.testng.reporters.JUnitReportReporter -->
<testsuite hostname="LT07741" name="automationTestCases.Policies_Page_Edit_Other_Comment_IE_Content_Author" tests="1" failures="0" timestamp="28 Jun 2016 11:50:43 GMT" time="142.311" errors="0">
  <testcase name="main" time="142.311" classname="automationTestCases.Policies_Page_Edit_Other_Comment_IE_Content_Author"/>
</testsuite> <!-- automationTestCases.Policies_Page_Edit_Other_Comment_IE_Content_Author -->
