<?xml version="1.0" encoding="UTF-8"?>
<!-- Generated by org.testng.reporters.JUnitReportReporter -->
<testsuite hostname="LT07741" name="automationTestCases.Breaking_News_Add_New_Item_Valid_Details_Firefox_Content_Author" tests="1" failures="0" timestamp="16 Jun 2016 08:07:52 GMT" time="153.961" errors="0">
  <testcase name="main" time="153.961" classname="automationTestCases.Breaking_News_Add_New_Item_Valid_Details_Firefox_Content_Author"/>
</testsuite> <!-- automationTestCases.Breaking_News_Add_New_Item_Valid_Details_Firefox_Content_Author -->
