<?xml version="1.0" encoding="UTF-8"?>
<!-- Generated by org.testng.reporters.JUnitReportReporter -->
<testsuite hostname="LT07741" name="automationTestCases.Policies_Page_View_Policy_Firefox_Administrator" tests="1" failures="0" timestamp="10 Jun 2016 10:03:34 GMT" time="44.081" errors="0">
  <testcase name="main" time="44.081" classname="automationTestCases.Policies_Page_View_Policy_Firefox_Administrator"/>
</testsuite> <!-- automationTestCases.Policies_Page_View_Policy_Firefox_Administrator -->
