<?xml version="1.0" encoding="UTF-8"?>
<!-- Generated by org.testng.reporters.JUnitReportReporter -->
<testsuite hostname="LT07741" name="automationTestCases.Procedures_Page_View_Page_IE_Administrator" tests="1" failures="0" timestamp="14 Jun 2016 08:34:51 GMT" time="39.645" errors="0">
  <testcase name="main" time="39.645" classname="automationTestCases.Procedures_Page_View_Page_IE_Administrator"/>
</testsuite> <!-- automationTestCases.Procedures_Page_View_Page_IE_Administrator -->
