<?xml version="1.0" encoding="UTF-8"?>
<!-- Generated by org.testng.reporters.JUnitReportReporter -->
<testsuite hostname="LT07741" name="automationTestCases.Policies_Page_Delete_Own_Comment_IE_Content_Author" tests="1" failures="0" timestamp="23 Jun 2016 11:32:42 GMT" time="62.216" errors="0">
  <testcase name="main" time="62.216" classname="automationTestCases.Policies_Page_Delete_Own_Comment_IE_Content_Author"/>
</testsuite> <!-- automationTestCases.Policies_Page_Delete_Own_Comment_IE_Content_Author -->
