<?xml version="1.0" encoding="UTF-8"?>
<!-- Generated by org.testng.reporters.JUnitReportReporter -->
<testsuite hostname="LT07741" name="automationTestCases.Policies_Page_Edit_Comment_IE_Administrator" tests="1" failures="0" timestamp="20 Jun 2016 08:48:12 GMT" time="83.675" errors="0">
  <testcase name="main" time="83.675" classname="automationTestCases.Policies_Page_Edit_Comment_IE_Administrator"/>
</testsuite> <!-- automationTestCases.Policies_Page_Edit_Comment_IE_Administrator -->
