<?xml version="1.0" encoding="UTF-8"?>
<!-- Generated by org.testng.reporters.JUnitReportReporter -->
<testsuite hostname="LT07741" name="automationTestCases.Tasks_And_Tools_Edit_Task_Firefox_Administrator" tests="1" failures="0" timestamp="6 Jun 2016 14:41:46 GMT" time="60.362" errors="0">
  <testcase name="main" time="60.362" classname="automationTestCases.Tasks_And_Tools_Edit_Task_Firefox_Administrator"/>
</testsuite> <!-- automationTestCases.Tasks_And_Tools_Edit_Task_Firefox_Administrator -->
