<?xml version="1.0" encoding="UTF-8"?>
<!-- Generated by org.testng.reporters.JUnitReportReporter -->
<testsuite hostname="LT07741" name="automationTestCases.Forms_Page_View_Page_IE_Administrator" tests="1" failures="0" timestamp="14 Jun 2016 08:05:47 GMT" time="48.803" errors="0">
  <testcase name="main" time="48.803" classname="automationTestCases.Forms_Page_View_Page_IE_Administrator"/>
</testsuite> <!-- automationTestCases.Forms_Page_View_Page_IE_Administrator -->
