<?xml version="1.0" encoding="UTF-8"?>
<!-- Generated by org.testng.reporters.JUnitReportReporter -->
<testsuite hostname="LT07741" name="automationTestCases.Guidance_Page_View_Page_IE_Administrator" tests="1" failures="0" timestamp="13 Jun 2016 11:09:39 GMT" time="47.078" errors="0">
  <testcase name="main" time="47.078" classname="automationTestCases.Guidance_Page_View_Page_IE_Administrator"/>
</testsuite> <!-- automationTestCases.Guidance_Page_View_Page_IE_Administrator -->
