<?xml version="1.0" encoding="UTF-8"?>
<!-- Generated by org.testng.reporters.JUnitReportReporter -->
<testsuite hostname="LT07741" name="automationTestCases.Policies_Page_Add_Comment_Firefox_Visitor" tests="1" failures="0" timestamp="23 Jun 2016 09:22:12 GMT" time="62.042" errors="0">
  <testcase name="main" time="62.042" classname="automationTestCases.Policies_Page_Add_Comment_Firefox_Visitor"/>
</testsuite> <!-- automationTestCases.Policies_Page_Add_Comment_Firefox_Visitor -->
