<?xml version="1.0" encoding="UTF-8"?>
<!-- Generated by org.testng.reporters.JUnitReportReporter -->
<testsuite hostname="LT07741" name="automationTestCases.Qudini_Login_Successful" tests="1" failures="0" timestamp="24 Mar 2016 12:54:32 GMT" time="28.448" errors="0">
  <testcase name="main" time="28.448" classname="automationTestCases.Qudini_Login_Successful"/>
</testsuite> <!-- automationTestCases.Qudini_Login_Successful -->
