<?xml version="1.0" encoding="UTF-8"?>
<!-- Generated by org.testng.reporters.JUnitReportReporter -->
<testsuite hostname="LT07741" name="automationTestCases.Policies_Page_Delete_Other_Comment_IE_Administrator" tests="1" failures="0" timestamp="28 Jun 2016 07:47:07 GMT" time="149.153" errors="0">
  <testcase name="main" time="149.153" classname="automationTestCases.Policies_Page_Delete_Other_Comment_IE_Administrator"/>
</testsuite> <!-- automationTestCases.Policies_Page_Delete_Other_Comment_IE_Administrator -->
