<?xml version="1.0" encoding="UTF-8"?>
<!-- Generated by org.testng.reporters.JUnitReportReporter -->
<testsuite hostname="LT07741" name="automationTestCases.Tasks_And_Tools_Add_New_Task_Invalid_Data" tests="1" failures="0" timestamp="25 May 2016 07:44:38 GMT" time="83.965" errors="0">
  <testcase name="main" time="83.965" classname="automationTestCases.Tasks_And_Tools_Add_New_Task_Invalid_Data"/>
</testsuite> <!-- automationTestCases.Tasks_And_Tools_Add_New_Task_Invalid_Data -->
