<?xml version="1.0" encoding="UTF-8"?>
<!-- Generated by org.testng.reporters.JUnitReportReporter -->
<testsuite hostname="LT07741" name="automationTestCases.Tasks_And_Tools_Add_New_Task_Valid_Data_Firefox_Administrator" tests="1" failures="0" timestamp="6 Jun 2016 11:00:52 GMT" time="40.832" errors="0">
  <testcase name="main" time="40.832" classname="automationTestCases.Tasks_And_Tools_Add_New_Task_Valid_Data_Firefox_Administrator"/>
</testsuite> <!-- automationTestCases.Tasks_And_Tools_Add_New_Task_Valid_Data_Firefox_Administrator -->
