<?xml version="1.0" encoding="UTF-8"?>
<!-- Generated by org.testng.reporters.JUnitReportReporter -->
<testsuite hostname="LT07741" name="automationTestCases.Settings_Cannot_Be_Amended_IE_Visitor" tests="1" failures="0" timestamp="3 Jun 2016 14:54:58 GMT" time="37.702" errors="0">
  <testcase name="main" time="37.702" classname="automationTestCases.Settings_Cannot_Be_Amended_IE_Visitor"/>
</testsuite> <!-- automationTestCases.Settings_Cannot_Be_Amended_IE_Visitor -->
