<?xml version="1.0" encoding="UTF-8"?>
<!-- Generated by org.testng.reporters.JUnitReportReporter -->
<testsuite hostname="LT07741" name="automationTestCases.Policies_Page_Edit_Own_Comment_Firefox_Content_Author" tests="1" failures="0" timestamp="24 Jun 2016 13:42:50 GMT" time="47.763" errors="0">
  <testcase name="main" time="47.763" classname="automationTestCases.Policies_Page_Edit_Own_Comment_Firefox_Content_Author"/>
</testsuite> <!-- automationTestCases.Policies_Page_Edit_Own_Comment_Firefox_Content_Author -->
