<?xml version="1.0" encoding="UTF-8"?>
<!-- Generated by org.testng.reporters.JUnitReportReporter -->
<testsuite hostname="LT07741" name="automationTestCases.TestNG_Framework" tests="1" failures="0" timestamp="23 Mar 2016 13:10:52 GMT" time="21.054" errors="0">
  <testcase name="main" time="21.054" classname="automationTestCases.TestNG_Framework"/>
</testsuite> <!-- automationTestCases.TestNG_Framework -->
