<?xml version="1.0" encoding="UTF-8"?>
<!-- Generated by org.testng.reporters.JUnitReportReporter -->
<testsuite hostname="LT07741" name="automationTestCases.Policies_Page_Delete_Own_Comment_Firefox_Administrator" tests="1" failures="0" timestamp="23 Jun 2016 09:46:48 GMT" time="93.258" errors="0">
  <testcase name="main" time="93.258" classname="automationTestCases.Policies_Page_Delete_Own_Comment_Firefox_Administrator"/>
</testsuite> <!-- automationTestCases.Policies_Page_Delete_Own_Comment_Firefox_Administrator -->
