<?xml version="1.0" encoding="UTF-8"?>
<!-- Generated by org.testng.reporters.JUnitReportReporter -->
<testsuite hostname="LT07741" name="automationTestCases.Policies_Page_Add_Comment_IE_Visitor" tests="1" failures="0" timestamp="23 Jun 2016 09:01:35 GMT" time="46.509" errors="0">
  <testcase name="main" time="46.509" classname="automationTestCases.Policies_Page_Add_Comment_IE_Visitor"/>
</testsuite> <!-- automationTestCases.Policies_Page_Add_Comment_IE_Visitor -->
