<?xml version="1.0" encoding="UTF-8"?>
<!-- Generated by org.testng.reporters.JUnitReportReporter -->
<testsuite hostname="LT07741" name="automationTestCases.Tasks_And_Tools_Add_New_Task_Valid_Data_IE_Administrator" tests="1" failures="0" timestamp="6 Jun 2016 11:12:36 GMT" time="87.862" errors="0">
  <testcase name="main" time="87.862" classname="automationTestCases.Tasks_And_Tools_Add_New_Task_Valid_Data_IE_Administrator"/>
</testsuite> <!-- automationTestCases.Tasks_And_Tools_Add_New_Task_Valid_Data_IE_Administrator -->
