<?xml version="1.0" encoding="UTF-8"?>
<!-- Generated by org.testng.reporters.JUnitReportReporter -->
<testsuite hostname="LT07741" name="automationTestCases.Noticeboard_Add_New_Item_Valid_Details" tests="1" failures="0" timestamp="6 Jun 2016 12:09:45 GMT" time="1831.107" errors="0">
  <testcase name="main" time="1831.107" classname="automationTestCases.Noticeboard_Add_New_Item_Valid_Details"/>
</testsuite> <!-- automationTestCases.Noticeboard_Add_New_Item_Valid_Details -->
