<?xml version="1.0" encoding="UTF-8"?>
<!-- Generated by org.testng.reporters.JUnitReportReporter -->
<testsuite hostname="LT07741" name="automationTestCases.Tasks_And_Tools_Add_New_Task_Invalid_Data_Firefox_Content_Author" tests="1" failures="0" timestamp="8 Jun 2016 09:17:40 GMT" time="89.229" errors="0">
  <testcase name="main" time="89.229" classname="automationTestCases.Tasks_And_Tools_Add_New_Task_Invalid_Data_Firefox_Content_Author"/>
</testsuite> <!-- automationTestCases.Tasks_And_Tools_Add_New_Task_Invalid_Data_Firefox_Content_Author -->
