<?xml version="1.0" encoding="UTF-8"?>
<!-- Generated by org.testng.reporters.JUnitReportReporter -->
<testsuite hostname="LT07741" name="automationTestCases.Policies_Page_Edit_Other_Comment_IE_Visitor" tests="1" failures="0" timestamp="28 Jun 2016 11:53:28 GMT" time="120.270" errors="0">
  <testcase name="main" time="120.270" classname="automationTestCases.Policies_Page_Edit_Other_Comment_IE_Visitor"/>
</testsuite> <!-- automationTestCases.Policies_Page_Edit_Other_Comment_IE_Visitor -->
