<?xml version="1.0" encoding="UTF-8"?>
<!-- Generated by org.testng.reporters.JUnitReportReporter -->
<testsuite hostname="LT07741" name="automationTestCases.Procedures_Page_View_Page_Firefox_Administrator" tests="1" failures="0" timestamp="14 Jun 2016 08:30:26 GMT" time="28.288" errors="0">
  <testcase name="main" time="28.288" classname="automationTestCases.Procedures_Page_View_Page_Firefox_Administrator"/>
</testsuite> <!-- automationTestCases.Procedures_Page_View_Page_Firefox_Administrator -->
