<?xml version="1.0" encoding="UTF-8"?>
<!-- Generated by org.testng.reporters.JUnitReportReporter -->
<testsuite hostname="LT07741" name="automationTestCases.Tasks_And_Tools_Add_New_Task_Invalid_Data_IE_Administrator" tests="1" failures="0" timestamp="8 Jun 2016 10:14:18 GMT" time="61.812" errors="0">
  <testcase name="main" time="61.812" classname="automationTestCases.Tasks_And_Tools_Add_New_Task_Invalid_Data_IE_Administrator"/>
</testsuite> <!-- automationTestCases.Tasks_And_Tools_Add_New_Task_Invalid_Data_IE_Administrator -->
