<?xml version="1.0" encoding="UTF-8"?>
<!-- Generated by org.testng.reporters.JUnitReportReporter -->
<testsuite hostname="LT07741" name="automationTestCases.Navigation_Bar_View_Links_IE_Content_Author" tests="1" failures="0" timestamp="22 Jun 2016 14:24:28 GMT" time="29.832" errors="0">
  <testcase name="main" time="29.832" classname="automationTestCases.Navigation_Bar_View_Links_IE_Content_Author"/>
</testsuite> <!-- automationTestCases.Navigation_Bar_View_Links_IE_Content_Author -->
