<?xml version="1.0" encoding="UTF-8"?>
<!-- Generated by org.testng.reporters.JUnitReportReporter -->
<testsuite hostname="LT07741" name="automationTestCases.Navigation_Bar_View_Links_IE_Visitor" tests="1" failures="0" timestamp="22 Jun 2016 14:11:25 GMT" time="66.754" errors="0">
  <testcase name="main" time="66.754" classname="automationTestCases.Navigation_Bar_View_Links_IE_Visitor"/>
</testsuite> <!-- automationTestCases.Navigation_Bar_View_Links_IE_Visitor -->
