<?xml version="1.0" encoding="UTF-8"?>
<!-- Generated by org.testng.reporters.JUnitReportReporter -->
<testsuite hostname="LT07741" name="automationTestCases.UDF_TC" tests="1" failures="0" timestamp="23 Mar 2016 13:45:28 GMT" time="20.031" errors="0">
  <testcase name="main" time="20.031" classname="automationTestCases.UDF_TC"/>
</testsuite> <!-- automationTestCases.UDF_TC -->
