<?xml version="1.0" encoding="UTF-8"?>
<!-- Generated by org.testng.reporters.JUnitReportReporter -->
<testsuite hostname="LT07741" name="automationTestCases.Tasks_And_Tools_Add_New_Task_Valid_Data_IE_Content_Author" tests="1" failures="0" timestamp="8 Jun 2016 10:54:13 GMT" time="130.302" errors="0">
  <testcase name="main" time="130.302" classname="automationTestCases.Tasks_And_Tools_Add_New_Task_Valid_Data_IE_Content_Author"/>
</testsuite> <!-- automationTestCases.Tasks_And_Tools_Add_New_Task_Valid_Data_IE_Content_Author -->
