<?xml version="1.0" encoding="UTF-8"?>
<!-- Generated by org.testng.reporters.JUnitReportReporter -->
<testsuite hostname="LT07741" name="automationTestCases.Policies_Page_Delete_Other_Comment_Firefox_Visitor" tests="1" failures="0" timestamp="27 Jun 2016 15:14:00 GMT" time="279.423" errors="0">
  <testcase name="main" time="279.423" classname="automationTestCases.Policies_Page_Delete_Other_Comment_Firefox_Visitor"/>
</testsuite> <!-- automationTestCases.Policies_Page_Delete_Other_Comment_Firefox_Visitor -->
