<?xml version="1.0" encoding="UTF-8"?>
<!-- Generated by org.testng.reporters.JUnitReportReporter -->
<testsuite hostname="LT07741" name="automationTestCases.Policies_Page_Delete_Own_Comment_Firefox_Visitor" tests="1" failures="0" timestamp="23 Jun 2016 11:12:24 GMT" time="69.502" errors="0">
  <testcase name="main" time="69.502" classname="automationTestCases.Policies_Page_Delete_Own_Comment_Firefox_Visitor"/>
</testsuite> <!-- automationTestCases.Policies_Page_Delete_Own_Comment_Firefox_Visitor -->
