<?xml version="1.0" encoding="UTF-8"?>
<!-- Generated by org.testng.reporters.JUnitReportReporter -->
<testsuite hostname="LT07741" name="automationTestCases.Noticeboard_Add_New_Item_Invalid_Details" tests="1" failures="0" timestamp="12 May 2016 13:51:25 GMT" time="141.809" errors="0">
  <testcase name="main" time="141.809" classname="automationTestCases.Noticeboard_Add_New_Item_Invalid_Details"/>
</testsuite> <!-- automationTestCases.Noticeboard_Add_New_Item_Invalid_Details -->
