<?xml version="1.0" encoding="UTF-8"?>
<!-- Generated by org.testng.reporters.JUnitReportReporter -->
<testsuite hostname="LT07741" name="automationTestCases.Policies_Page_View_Page_Firefox_Administrator" tests="1" failures="0" timestamp="13 Jun 2016 07:41:33 GMT" time="51.348" errors="0">
  <testcase name="main" time="51.348" classname="automationTestCases.Policies_Page_View_Page_Firefox_Administrator"/>
</testsuite> <!-- automationTestCases.Policies_Page_View_Page_Firefox_Administrator -->
