<?xml version="1.0" encoding="UTF-8"?>
<!-- Generated by org.testng.reporters.JUnitReportReporter -->
<testsuite hostname="LT07741" name="automationTestCases.Policies_Page_Add_Comment_IE_Administrator" tests="1" failures="0" timestamp="23 Jun 2016 09:37:02 GMT" time="109.683" errors="0">
  <testcase name="main" time="109.683" classname="automationTestCases.Policies_Page_Add_Comment_IE_Administrator"/>
</testsuite> <!-- automationTestCases.Policies_Page_Add_Comment_IE_Administrator -->
