<?xml version="1.0" encoding="UTF-8"?>
<!-- Generated by org.testng.reporters.JUnitReportReporter -->
<testsuite hostname="LT07741" name="automationTestCases.Add_An_App_Check_Links_IE_Administrator" tests="1" failures="0" timestamp="22 Jun 2016 07:29:24 GMT" time="68.546" errors="0">
  <testcase name="main" time="68.546" classname="automationTestCases.Add_An_App_Check_Links_IE_Administrator"/>
</testsuite> <!-- automationTestCases.Add_An_App_Check_Links_IE_Administrator -->
