<?xml version="1.0" encoding="UTF-8"?>
<!-- Generated by org.testng.reporters.JUnitReportReporter -->
<testsuite hostname="LT07741" name="automationTestCases.Navigation_Bar_View_Links_Firefox_Content_Author" tests="1" failures="0" timestamp="22 Jun 2016 14:25:50 GMT" time="31.995" errors="0">
  <testcase name="main" time="31.995" classname="automationTestCases.Navigation_Bar_View_Links_Firefox_Content_Author"/>
</testsuite> <!-- automationTestCases.Navigation_Bar_View_Links_Firefox_Content_Author -->
