<?xml version="1.0" encoding="UTF-8"?>
<!-- Generated by org.testng.reporters.JUnitReportReporter -->
<testsuite hostname="LT07741" name="automationTestCases.Noticeboard_Add_New_Item_Invalid_Details_IE_Administrator" tests="1" failures="0" timestamp="8 Jun 2016 13:14:42 GMT" time="33.064" errors="0">
  <testcase name="main" time="33.064" classname="automationTestCases.Noticeboard_Add_New_Item_Invalid_Details_IE_Administrator"/>
</testsuite> <!-- automationTestCases.Noticeboard_Add_New_Item_Invalid_Details_IE_Administrator -->
