<?xml version="1.0" encoding="UTF-8"?>
<!-- Generated by org.testng.reporters.JUnitReportReporter -->
<testsuite hostname="LT07741" name="automationTestCases.Policies_Page_Delete_Other_Comment_IE_Visitor" tests="1" failures="0" timestamp="28 Jun 2016 09:09:11 GMT" time="104.658" errors="0">
  <testcase name="main" time="104.658" classname="automationTestCases.Policies_Page_Delete_Other_Comment_IE_Visitor"/>
</testsuite> <!-- automationTestCases.Policies_Page_Delete_Other_Comment_IE_Visitor -->
