<?xml version="1.0" encoding="UTF-8"?>
<!-- Generated by org.testng.reporters.JUnitReportReporter -->
<testsuite hostname="LT07741" name="automationTestCases.Policies_Page_Edit_Other_Comment_Firefox_Administrator" tests="1" failures="0" timestamp="28 Jun 2016 10:04:16 GMT" time="188.250" errors="0">
  <testcase name="main" time="188.250" classname="automationTestCases.Policies_Page_Edit_Other_Comment_Firefox_Administrator"/>
</testsuite> <!-- automationTestCases.Policies_Page_Edit_Other_Comment_Firefox_Administrator -->
