<?xml version="1.0" encoding="UTF-8"?>
<!-- Generated by org.testng.reporters.JUnitReportReporter -->
<testsuite hostname="LT07741" name="automationTestCases.Breaking_News_Add_New_Item_Valid_Details" tests="1" failures="0" timestamp="25 May 2016 07:38:24 GMT" time="177.138" errors="0">
  <testcase name="main" time="177.138" classname="automationTestCases.Breaking_News_Add_New_Item_Valid_Details"/>
</testsuite> <!-- automationTestCases.Breaking_News_Add_New_Item_Valid_Details -->
