<?xml version="1.0" encoding="UTF-8"?>
<!-- Generated by org.testng.reporters.JUnitReportReporter -->
<testsuite hostname="LT07741" name="automationTestCases.Meeting_Rooms_Page_View_Page_Firefox_Administrator" tests="1" failures="0" timestamp="14 Jun 2016 09:00:38 GMT" time="36.084" errors="0">
  <testcase name="main" time="36.084" classname="automationTestCases.Meeting_Rooms_Page_View_Page_Firefox_Administrator"/>
</testsuite> <!-- automationTestCases.Meeting_Rooms_Page_View_Page_Firefox_Administrator -->
