<?xml version="1.0" encoding="UTF-8"?>
<!-- Generated by org.testng.reporters.JUnitReportReporter -->
<testsuite hostname="LT07741" name="automationTestCases.Guidance_Page_View_Page_Firefox_Administrator" tests="1" failures="0" timestamp="13 Jun 2016 12:50:54 GMT" time="67.443" errors="0">
  <testcase name="main" time="67.443" classname="automationTestCases.Guidance_Page_View_Page_Firefox_Administrator"/>
</testsuite> <!-- automationTestCases.Guidance_Page_View_Page_Firefox_Administrator -->
