<?xml version="1.0" encoding="UTF-8"?>
<!-- Generated by org.testng.reporters.JUnitReportReporter -->
<testsuite hostname="LT07741" name="automationTestCases.Policies_Page_Edit_Own_Comment_Firefox_Visitor" tests="1" failures="0" timestamp="24 Jun 2016 12:44:11 GMT" time="67.660" errors="0">
  <testcase name="main" time="67.660" classname="automationTestCases.Policies_Page_Edit_Own_Comment_Firefox_Visitor"/>
</testsuite> <!-- automationTestCases.Policies_Page_Edit_Own_Comment_Firefox_Visitor -->
