<?xml version="1.0" encoding="UTF-8"?>
<!-- Generated by org.testng.reporters.JUnitReportReporter -->
<testsuite hostname="LT07741" name="automationTestCases.Policies_Page_Edit_Comment_Firefox_Administrator" tests="1" failures="0" timestamp="17 Jun 2016 13:24:03 GMT" time="52.528" errors="0">
  <testcase name="main" time="52.528" classname="automationTestCases.Policies_Page_Edit_Comment_Firefox_Administrator"/>
</testsuite> <!-- automationTestCases.Policies_Page_Edit_Comment_Firefox_Administrator -->
