<?xml version="1.0" encoding="UTF-8"?>
<!-- Generated by org.testng.reporters.JUnitReportReporter -->
<testsuite hostname="LT07741" name="automationTestCases.Policies_Page_Edit_Own_Comment_IE_Visitor" tests="1" failures="0" timestamp="24 Jun 2016 13:18:02 GMT" time="57.110" errors="0">
  <testcase name="main" time="57.110" classname="automationTestCases.Policies_Page_Edit_Own_Comment_IE_Visitor"/>
</testsuite> <!-- automationTestCases.Policies_Page_Edit_Own_Comment_IE_Visitor -->
