<?xml version="1.0" encoding="UTF-8"?>
<!-- Generated by org.testng.reporters.JUnitReportReporter -->
<testsuite hostname="LT07741" name="automationTestCases.Tasks_And_Tools_Add_New_Task_Invalid_Data_IE_Content_Author" tests="1" failures="0" timestamp="8 Jun 2016 10:11:41 GMT" time="124.099" errors="0">
  <testcase name="main" time="124.099" classname="automationTestCases.Tasks_And_Tools_Add_New_Task_Invalid_Data_IE_Content_Author"/>
</testsuite> <!-- automationTestCases.Tasks_And_Tools_Add_New_Task_Invalid_Data_IE_Content_Author -->
