<?xml version="1.0" encoding="UTF-8"?>
<!-- Generated by org.testng.reporters.JUnitReportReporter -->
<testsuite hostname="LT07741" name="automationTestCases.Breaking_News_Add_New_Item_Valid_Details_IE_Content_Author" tests="1" failures="0" timestamp="3 Jun 2016 09:15:09 GMT" time="362.876" errors="0">
  <testcase name="main" time="362.876" classname="automationTestCases.Breaking_News_Add_New_Item_Valid_Details_IE_Content_Author"/>
</testsuite> <!-- automationTestCases.Breaking_News_Add_New_Item_Valid_Details_IE_Content_Author -->
