<?xml version="1.0" encoding="UTF-8"?>
<!-- Generated by org.testng.reporters.JUnitReportReporter -->
<testsuite hostname="LT07741" name="automationTestCases.Tasks_And_Tools_Edit_Task_Firefox_Content_Author" tests="1" failures="0" timestamp="8 Jun 2016 10:26:27 GMT" time="420.297" errors="0">
  <testcase name="main" time="420.297" classname="automationTestCases.Tasks_And_Tools_Edit_Task_Firefox_Content_Author"/>
</testsuite> <!-- automationTestCases.Tasks_And_Tools_Edit_Task_Firefox_Content_Author -->
