<?xml version="1.0" encoding="UTF-8"?>
<!-- Generated by org.testng.reporters.JUnitReportReporter -->
<testsuite hostname="LT07741" name="automationTestCases.Guidance_Page_View_Item_Firefox_Administrator" tests="1" failures="0" timestamp="14 Jun 2016 12:18:59 GMT" time="976.429" errors="0">
  <testcase name="main" time="976.429" classname="automationTestCases.Guidance_Page_View_Item_Firefox_Administrator"/>
</testsuite> <!-- automationTestCases.Guidance_Page_View_Item_Firefox_Administrator -->
