<?xml version="1.0" encoding="UTF-8"?>
<!-- Generated by org.testng.reporters.JUnitReportReporter -->
<testsuite hostname="LT07741" name="automationTestCases.Settings_Cannot_Be_Amended_Firefox_Visitor" tests="1" failures="0" timestamp="8 Jun 2016 13:43:08 GMT" time="596.491" errors="0">
  <testcase name="main" time="596.491" classname="automationTestCases.Settings_Cannot_Be_Amended_Firefox_Visitor"/>
</testsuite> <!-- automationTestCases.Settings_Cannot_Be_Amended_Firefox_Visitor -->
