<?xml version="1.0" encoding="UTF-8"?>
<!-- Generated by org.testng.reporters.JUnitReportReporter -->
<testsuite hostname="LT07741" name="automationTestCases.Noticeboard_Add_New_Item_Invalid_Details_Firefox_Administrator" tests="1" failures="0" timestamp="8 Jun 2016 13:07:04 GMT" time="42.230" errors="0">
  <testcase name="main" time="42.230" classname="automationTestCases.Noticeboard_Add_New_Item_Invalid_Details_Firefox_Administrator"/>
</testsuite> <!-- automationTestCases.Noticeboard_Add_New_Item_Invalid_Details_Firefox_Administrator -->
