<?xml version="1.0" encoding="UTF-8"?>
<!-- Generated by org.testng.reporters.JUnitReportReporter -->
<testsuite hostname="LT07741" name="automationTestCases.Strategies_Page_View_Page_Firefox_Administrator" tests="1" failures="0" timestamp="14 Jun 2016 09:37:50 GMT" time="51.659" errors="0">
  <testcase name="main" time="51.659" classname="automationTestCases.Strategies_Page_View_Page_Firefox_Administrator"/>
</testsuite> <!-- automationTestCases.Strategies_Page_View_Page_Firefox_Administrator -->
