<?xml version="1.0" encoding="UTF-8"?>
<!-- Generated by org.testng.reporters.JUnitReportReporter -->
<testsuite hostname="LT07741" name="automationTestCases.Noticeboard_Add_New_Item_Invalid_Details_IE_Content_Author" tests="1" failures="0" timestamp="8 Jun 2016 13:29:26 GMT" time="134.097" errors="0">
  <testcase name="main" time="134.097" classname="automationTestCases.Noticeboard_Add_New_Item_Invalid_Details_IE_Content_Author"/>
</testsuite> <!-- automationTestCases.Noticeboard_Add_New_Item_Invalid_Details_IE_Content_Author -->
