<?xml version="1.0" encoding="UTF-8"?>
<!-- Generated by org.testng.reporters.JUnitReportReporter -->
<testsuite hostname="LT07741" name="automationTestCases.Tasks_And_Tools_Edit_Task_IE_Administrator" tests="1" failures="0" timestamp="8 Jun 2016 11:48:04 GMT" time="71.919" errors="0">
  <testcase name="main" time="71.919" classname="automationTestCases.Tasks_And_Tools_Edit_Task_IE_Administrator"/>
</testsuite> <!-- automationTestCases.Tasks_And_Tools_Edit_Task_IE_Administrator -->
