<?xml version="1.0" encoding="UTF-8"?>
<!-- Generated by org.testng.reporters.JUnitReportReporter -->
<testsuite hostname="LT07741" name="automationTestCases.Policies_Page_View_Item_IE_Administrator" tests="1" failures="0" timestamp="14 Jun 2016 13:04:14 GMT" time="57.302" errors="0">
  <testcase name="main" time="57.302" classname="automationTestCases.Policies_Page_View_Item_IE_Administrator"/>
</testsuite> <!-- automationTestCases.Policies_Page_View_Item_IE_Administrator -->
