<?xml version="1.0" encoding="UTF-8"?>
<!-- Generated by org.testng.reporters.JUnitReportReporter -->
<testsuite hostname="LT07741" name="automationTestCases.Meeting_Rooms_Page_View_Page_IE_Administrator" tests="1" failures="0" timestamp="14 Jun 2016 09:03:40 GMT" time="74.504" errors="0">
  <testcase name="main" time="74.504" classname="automationTestCases.Meeting_Rooms_Page_View_Page_IE_Administrator"/>
</testsuite> <!-- automationTestCases.Meeting_Rooms_Page_View_Page_IE_Administrator -->
