<?xml version="1.0" encoding="UTF-8"?>
<!-- Generated by org.testng.reporters.JUnitReportReporter -->
<testsuite hostname="LT07741" name="automationTestCases.Policies_Page_Edit_Other_Comment_Firefox_Visitor" tests="1" failures="0" timestamp="28 Jun 2016 10:56:46 GMT" time="141.157" errors="0">
  <testcase name="main" time="141.157" classname="automationTestCases.Policies_Page_Edit_Other_Comment_Firefox_Visitor"/>
</testsuite> <!-- automationTestCases.Policies_Page_Edit_Other_Comment_Firefox_Visitor -->
