<?xml version="1.0" encoding="UTF-8"?>
<!-- Generated by org.testng.reporters.JUnitReportReporter -->
<testsuite hostname="LT07741" name="automationTestCases.Navigation_Bar_View_Links_Firefox_Administrator" tests="1" failures="0" timestamp="22 Jun 2016 11:38:40 GMT" time="51.031" errors="0">
  <testcase name="main" time="51.031" classname="automationTestCases.Navigation_Bar_View_Links_Firefox_Administrator"/>
</testsuite> <!-- automationTestCases.Navigation_Bar_View_Links_Firefox_Administrator -->
