<?xml version="1.0" encoding="UTF-8"?>
<!-- Generated by org.testng.reporters.JUnitReportReporter -->
<testsuite hostname="LT07741" name="automationTestCases.Breaking_News_Add_New_Item_Valid_Details_Firefox_Visitor" tests="1" failures="0" timestamp="3 Jun 2016 14:39:50 GMT" time="72.713" errors="0">
  <testcase name="main" time="72.713" classname="automationTestCases.Breaking_News_Add_New_Item_Valid_Details_Firefox_Visitor"/>
</testsuite> <!-- automationTestCases.Breaking_News_Add_New_Item_Valid_Details_Firefox_Visitor -->
